%このファイルは日本語文字を含みます.
\BOOKMARK [1][-]{section.0}{0 序文}{}% 1
\BOOKMARK [1][-]{section.1}{1 Heisenberg代数と留数定理}{}% 2
\BOOKMARK [2][-]{subsection.1.1}{1.1 コンパクトRiemann面と代数函数体}{section.1}% 3
\BOOKMARK [2][-]{subsection.1.2}{1.2 Heisenberg代数}{section.1}% 4
\BOOKMARK [2][-]{subsection.1.3}{1.3 留数定理}{section.1}% 5
\BOOKMARK [1][-]{section.2}{2 tame記号とWeilの相互法則}{}% 6
\BOOKMARK [2][-]{subsection.2.1}{2.1 tame記号の定義}{section.2}% 7
\BOOKMARK [2][-]{subsection.2.2}{2.2 tame記号の積分表示}{section.2}% 8
\BOOKMARK [2][-]{subsection.2.3}{2.3 tame記号に関するWeilの相互法則}{section.2}% 9
\BOOKMARK [2][-]{subsection.2.4}{2.4 Steinberg記号の定義と基本性質}{section.2}% 10
\BOOKMARK [2][-]{subsection.2.5}{2.5 tame記号のSteinberg性}{section.2}% 11
\BOOKMARK [1][-]{section.3}{3 Contou-Carrere記号とその相互法則}{}% 12
\BOOKMARK [2][-]{subsection.3.1}{3.1 形式Laurent級数の無限積表示}{section.3}% 13
\BOOKMARK [2][-]{subsection.3.2}{3.2 Contou-Carrere記号の定義}{section.3}% 14
\BOOKMARK [2][-]{subsection.3.3}{3.3 Contou-Carrere記号の特別な場合}{section.3}% 15
\BOOKMARK [2][-]{subsection.3.4}{3.4 Contou-Carrere記号の積分表示と相互法則}{section.3}% 16
\BOOKMARK [2][-]{subsection.3.5}{3.5 Contou-Carrere記号のSteinberg性}{section.3}% 17
\BOOKMARK [1][-]{section.4}{4 補足}{}% 18
\BOOKMARK [1][-]{section.5}{5 付録1: 多重対数函数と線形常微分方程式と反復積分}{}% 19
\BOOKMARK [1][-]{section.6}{6 付録2: Contou-Carrere記号のボソン自由場表示}{}% 20
\BOOKMARK [2][-]{subsection.6.1}{6.1 ボソンの頂点作用素}{section.6}% 21
\BOOKMARK [2][-]{subsection.6.2}{6.2 Contou-Carrere記号のボソン自由場表示}{section.6}% 22
\BOOKMARK [2][-]{subsection.6.3}{6.3 logf のボソン化 \040の反復積分表示}{section.6}% 23
